# JRE version: Java(TM) SE Runtime Environment (8.0_172-b11) (build 1.8.0_172-b11)
# Java VM: Java HotSpot(TM) 64-Bit Server VM (25.172-b11 mixed mode windows-amd64 compressed oops)
Heap:
 PSYoungGen      total 236032K, used 164377K [0x00000000d5f00000, 0x00000000e7900000, 0x0000000100000000)
  eden space 223744K, 68% used [0x00000000d5f00000,0x00000000df3cd0e8,0x00000000e3980000)
  from space 12288K, 97% used [0x00000000e6d00000,0x00000000e78b9398,0x00000000e7900000)
  to   space 13312K, 0% used [0x00000000e5f00000,0x00000000e5f00000,0x00000000e6c00000)
 ParOldGen       total 64000K, used 16034K [0x0000000081c00000, 0x0000000085a80000, 0x00000000d5f00000)
  object space 64000K, 25% used [0x0000000081c00000,0x0000000082ba8920,0x0000000085a80000)
 Metaspace       used 30898K, capacity 31868K, committed 32128K, reserved 1077248K
  class space    used 3602K, capacity 3962K, committed 3968K, reserved 1048576K
GC Heap History (10 events):
Event: 9.025 GC heap before
{Heap before GC invocations=5 (full 0):
 PSYoungGen      total 71680K, used 71672K [0x00000000d5f00000, 0x00000000daa00000, 0x0000000100000000)
  eden space 66560K, 100% used [0x00000000d5f00000,0x00000000da000000,0x00000000da000000)
  from space 5120K, 99% used [0x00000000da500000,0x00000000da9fe050,0x00000000daa00000)
  to   space 5120K, 0% used [0x00000000da000000,0x00000000da000000,0x00000000da500000)
 ParOldGen       total 87552K, used 7391K [0x0000000081c00000, 0x0000000087180000, 0x00000000d5f00000)
  object space 87552K, 8% used [0x0000000081c00000,0x0000000082337f20,0x0000000087180000)
 Metaspace       used 17258K, capacity 17632K, committed 17792K, reserved 1064960K
  class space    used 2040K, capacity 2162K, committed 2176K, reserved 1048576K
Event: 9.068 GC heap after
Heap after GC invocations=5 (full 0):
 PSYoungGen      total 71680K, used 5112K [0x00000000d5f00000, 0x00000000df500000, 0x0000000100000000)
  eden space 66560K, 0% used [0x00000000d5f00000,0x00000000d5f00000,0x00000000da000000)
  from space 5120K, 99% used [0x00000000da000000,0x00000000da4fe030,0x00000000da500000)
  to   space 10240K, 0% used [0x00000000deb00000,0x00000000deb00000,0x00000000df500000)
 ParOldGen       total 87552K, used 10883K [0x0000000081c00000, 0x0000000087180000, 0x00000000d5f00000)
  object space 87552K, 12% used [0x0000000081c00000,0x00000000826a0e20,0x0000000087180000)
 Metaspace       used 17258K, capacity 17632K, committed 17792K, reserved 1064960K
  class space    used 2040K, capacity 2162K, committed 2176K, reserved 1048576K
}
Event: 10.445 GC heap before
{Heap before GC invocations=6 (full 0):
 PSYoungGen      total 71680K, used 71672K [0x00000000d5f00000, 0x00000000df500000, 0x0000000100000000)
  eden space 66560K, 100% used [0x00000000d5f00000,0x00000000da000000,0x00000000da000000)
  from space 5120K, 99% used [0x00000000da000000,0x00000000da4fe030,0x00000000da500000)
  to   space 10240K, 0% used [0x00000000deb00000,0x00000000deb00000,0x00000000df500000)
 ParOldGen       total 87552K, used 10883K [0x0000000081c00000, 0x0000000087180000, 0x00000000d5f00000)
  object space 87552K, 12% used [0x0000000081c00000,0x00000000826a0e20,0x0000000087180000)
 Metaspace       used 19144K, capacity 19768K, committed 19968K, reserved 1067008K
  class space    used 2232K, capacity 2445K, committed 2560K, reserved 1048576K
Event: 10.471 GC heap after
Heap after GC invocations=6 (full 0):
 PSYoungGen      total 142336K, used 10143K [0x00000000d5f00000, 0x00000000df700000, 0x0000000100000000)
  eden space 132096K, 0% used [0x00000000d5f00000,0x00000000d5f00000,0x00000000de000000)
  from space 10240K, 99% used [0x00000000deb00000,0x00000000df4e7f00,0x00000000df500000)
  to   space 11264K, 0% used [0x00000000de000000,0x00000000de000000,0x00000000deb00000)
 ParOldGen       total 87552K, used 10891K [0x0000000081c00000, 0x0000000087180000, 0x00000000d5f00000)
  object space 87552K, 12% used [0x0000000081c00000,0x00000000826a2e20,0x0000000087180000)
 Metaspace       used 19144K, capacity 19768K, committed 19968K, reserved 1067008K
  class space    used 2232K, capacity 2445K, committed 2560K, reserved 1048576K
}
Event: 11.120 GC heap before
{Heap before GC invocations=7 (full 0):
 PSYoungGen      total 142336K, used 65573K [0x00000000d5f00000, 0x00000000df700000, 0x0000000100000000)
  eden space 132096K, 41% used [0x00000000d5f00000,0x00000000d9521500,0x00000000de000000)
  from space 10240K, 99% used [0x00000000deb00000,0x00000000df4e7f00,0x00000000df500000)
  to   space 11264K, 0% used [0x00000000de000000,0x00000000de000000,0x00000000deb00000)
 ParOldGen       total 87552K, used 10891K [0x0000000081c00000, 0x0000000087180000, 0x00000000d5f00000)
  object space 87552K, 12% used [0x0000000081c00000,0x00000000826a2e20,0x0000000087180000)
 Metaspace       used 20407K, capacity 21114K, committed 21296K, reserved 1069056K
  class space    used 2331K, capacity 2593K, committed 2688K, reserved 1048576K
Event: 11.143 GC heap after
Heap after GC invocations=7 (full 0):
 PSYoungGen      total 143360K, used 10140K [0x00000000d5f00000, 0x00000000e7900000, 0x0000000100000000)
  eden space 132096K, 0% used [0x00000000d5f00000,0x00000000d5f00000,0x00000000de000000)
  from space 11264K, 90% used [0x00000000de000000,0x00000000de9e7020,0x00000000deb00000)
  to   space 12288K, 0% used [0x00000000e6d00000,0x00000000e6d00000,0x00000000e7900000)
 ParOldGen       total 87552K, used 12379K [0x0000000081c00000, 0x0000000087180000, 0x00000000d5f00000)
  object space 87552K, 14% used [0x0000000081c00000,0x0000000082816e50,0x0000000087180000)
 Metaspace       used 20407K, capacity 21114K, committed 21296K, reserved 1069056K
  class space    used 2331K, capacity 2593K, committed 2688K, reserved 1048576K
}
Event: 11.143 GC heap before
{Heap before GC invocations=8 (full 1):
 PSYoungGen      total 143360K, used 10140K [0x00000000d5f00000, 0x00000000e7900000, 0x0000000100000000)
  eden space 132096K, 0% used [0x00000000d5f00000,0x00000000d5f00000,0x00000000de000000)
  from space 11264K, 90% used [0x00000000de000000,0x00000000de9e7020,0x00000000deb00000)
  to   space 12288K, 0% used [0x00000000e6d00000,0x00000000e6d00000,0x00000000e7900000)
 ParOldGen       total 87552K, used 12379K [0x0000000081c00000, 0x0000000087180000, 0x00000000d5f00000)
  object space 87552K, 14% used [0x0000000081c00000,0x0000000082816e50,0x0000000087180000)
 Metaspace       used 20407K, capacity 21114K, committed 21296K, reserved 1069056K
  class space    used 2331K, capacity 2593K, committed 2688K, reserved 1048576K
Event: 11.255 GC heap after
Heap after GC invocations=8 (full 1):
 PSYoungGen      total 143360K, used 0K [0x00000000d5f00000, 0x00000000e7900000, 0x0000000100000000)
  eden space 132096K, 0% used [0x00000000d5f00000,0x00000000d5f00000,0x00000000de000000)
  from space 11264K, 0% used [0x00000000de000000,0x00000000de000000,0x00000000deb00000)
  to   space 12288K, 0% used [0x00000000e6d00000,0x00000000e6d00000,0x00000000e7900000)
 ParOldGen       total 64000K, used 16026K [0x0000000081c00000, 0x0000000085a80000, 0x00000000d5f00000)
  object space 64000K, 25% used [0x0000000081c00000,0x0000000082ba6920,0x0000000085a80000)
 Metaspace       used 20407K, capacity 21114K, committed 21296K, reserved 1069056K
  class space    used 2331K, capacity 2593K, committed 2688K, reserved 1048576K
}
Event: 13.874 GC heap before
{Heap before GC invocations=9 (full 1):
 PSYoungGen      total 143360K, used 132096K [0x00000000d5f00000, 0x00000000e7900000, 0x0000000100000000)
  eden space 132096K, 100% used [0x00000000d5f00000,0x00000000de000000,0x00000000de000000)
  from space 11264K, 0% used [0x00000000de000000,0x00000000de000000,0x00000000deb00000)
  to   space 12288K, 0% used [0x00000000e6d00000,0x00000000e6d00000,0x00000000e7900000)
 ParOldGen       total 64000K, used 16026K [0x0000000081c00000, 0x0000000085a80000, 0x00000000d5f00000)
  object space 64000K, 25% used [0x0000000081c00000,0x0000000082ba6920,0x0000000085a80000)
 Metaspace       used 29631K, capacity 30582K, committed 30720K, reserved 1077248K
  class space    used 3489K, capacity 3833K, committed 3840K, reserved 1048576K
Event: 13.912 GC heap after
Heap after GC invocations=9 (full 1):
 PSYoungGen      total 236032K, used 12004K [0x00000000d5f00000, 0x00000000e7900000, 0x0000000100000000)
  eden space 223744K, 0% used [0x00000000d5f00000,0x00000000d5f00000,0x00000000e3980000)
  from space 12288K, 97% used [0x00000000e6d00000,0x00000000e78b9398,0x00000000e7900000)
  to   space 13312K, 0% used [0x00000000e5f00000,0x00000000e5f00000,0x00000000e6c00000)
 ParOldGen       total 64000K, used 16034K [0x0000000081c00000, 0x0000000085a80000, 0x00000000d5f00000)
  object space 64000K, 25% used [0x0000000081c00000,0x0000000082ba8920,0x0000000085a80000)
 Metaspace       used 29631K, capacity 30582K, committed 30720K, reserved 1077248K
  class space    used 3489K, capacity 3833K, committed 3840K, reserved 1048576K
}

