# JRE version: Java(TM) SE Runtime Environment (8.0_172-b11) (build 1.8.0_172-b11)
# Java VM: Java HotSpot(TM) 64-Bit Server VM (25.172-b11 mixed mode windows-amd64 compressed oops)
Heap:
 PSYoungGen      total 423936K, used 147615K [0x00000000d5f00000, 0x00000000f2f00000, 0x0000000100000000)
  eden space 380416K, 38% used [0x00000000d5f00000,0x00000000def27c88,0x00000000ed280000)
  from space 43520K, 0% used [0x00000000efb00000,0x00000000efb00000,0x00000000f2580000)
  to   space 41472K, 0% used [0x00000000ed280000,0x00000000ed280000,0x00000000efb00000)
 ParOldGen       total 155136K, used 54107K [0x0000000081c00000, 0x000000008b380000, 0x00000000d5f00000)
  object space 155136K, 34% used [0x0000000081c00000,0x00000000850d6f28,0x000000008b380000)
 Metaspace       used 53368K, capacity 54238K, committed 54872K, reserved 1097728K
  class space    used 6389K, capacity 6660K, committed 6784K, reserved 1048576K
GC Heap History (10 events):
Event: 13.515 GC heap before
{Heap before GC invocations=11 (full 2):
 PSYoungGen      total 242176K, used 25067K [0x00000000d5f00000, 0x00000000edf00000, 0x0000000100000000)
  eden space 217088K, 0% used [0x00000000d5f00000,0x00000000d5f00000,0x00000000e3300000)
  from space 25088K, 99% used [0x00000000e3300000,0x00000000e4b7ac40,0x00000000e4b80000)
  to   space 37376K, 0% used [0x00000000eba80000,0x00000000eba80000,0x00000000edf00000)
 ParOldGen       total 64512K, used 58399K [0x0000000081c00000, 0x0000000085b00000, 0x00000000d5f00000)
  object space 64512K, 90% used [0x0000000081c00000,0x0000000085507f10,0x0000000085b00000)
 Metaspace       used 29389K, capacity 30048K, committed 30080K, reserved 1075200K
  class space    used 3476K, capacity 3683K, committed 3712K, reserved 1048576K
Event: 13.890 GC heap after
Heap after GC invocations=11 (full 2):
 PSYoungGen      total 242176K, used 0K [0x00000000d5f00000, 0x00000000edf00000, 0x0000000100000000)
  eden space 217088K, 0% used [0x00000000d5f00000,0x00000000d5f00000,0x00000000e3300000)
  from space 25088K, 0% used [0x00000000e3300000,0x00000000e3300000,0x00000000e4b80000)
  to   space 37376K, 0% used [0x00000000eba80000,0x00000000eba80000,0x00000000edf00000)
 ParOldGen       total 143360K, used 60881K [0x0000000081c00000, 0x000000008a800000, 0x00000000d5f00000)
  object space 143360K, 42% used [0x0000000081c00000,0x0000000085774570,0x000000008a800000)
 Metaspace       used 29389K, capacity 30048K, committed 30080K, reserved 1075200K
  class space    used 3476K, capacity 3683K, committed 3712K, reserved 1048576K
}
Event: 14.806 GC heap before
{Heap before GC invocations=12 (full 2):
 PSYoungGen      total 242176K, used 217088K [0x00000000d5f00000, 0x00000000edf00000, 0x0000000100000000)
  eden space 217088K, 100% used [0x00000000d5f00000,0x00000000e3300000,0x00000000e3300000)
  from space 25088K, 0% used [0x00000000e3300000,0x00000000e3300000,0x00000000e4b80000)
  to   space 37376K, 0% used [0x00000000eba80000,0x00000000eba80000,0x00000000edf00000)
 ParOldGen       total 143360K, used 60881K [0x0000000081c00000, 0x000000008a800000, 0x00000000d5f00000)
  object space 143360K, 42% used [0x0000000081c00000,0x0000000085774570,0x000000008a800000)
 Metaspace       used 29402K, capacity 30058K, committed 30336K, reserved 1075200K
  class space    used 3478K, capacity 3685K, committed 3712K, reserved 1048576K
Event: 14.888 GC heap after
Heap after GC invocations=12 (full 2):
 PSYoungGen      total 323072K, used 34006K [0x00000000d5f00000, 0x00000000edc00000, 0x0000000100000000)
  eden space 288768K, 0% used [0x00000000d5f00000,0x00000000d5f00000,0x00000000e7900000)
  from space 34304K, 99% used [0x00000000eba80000,0x00000000edbb5a80,0x00000000edc00000)
  to   space 41984K, 0% used [0x00000000e8a00000,0x00000000e8a00000,0x00000000eb300000)
 ParOldGen       total 143360K, used 60881K [0x0000000081c00000, 0x000000008a800000, 0x00000000d5f00000)
  object space 143360K, 42% used [0x0000000081c00000,0x0000000085774570,0x000000008a800000)
 Metaspace       used 29402K, capacity 30058K, committed 30336K, reserved 1075200K
  class space    used 3478K, capacity 3685K, committed 3712K, reserved 1048576K
}
Event: 17.313 GC heap before
{Heap before GC invocations=13 (full 2):
 PSYoungGen      total 323072K, used 322774K [0x00000000d5f00000, 0x00000000edc00000, 0x0000000100000000)
  eden space 288768K, 100% used [0x00000000d5f00000,0x00000000e7900000,0x00000000e7900000)
  from space 34304K, 99% used [0x00000000eba80000,0x00000000edbb5a80,0x00000000edc00000)
  to   space 41984K, 0% used [0x00000000e8a00000,0x00000000e8a00000,0x00000000eb300000)
 ParOldGen       total 143360K, used 60881K [0x0000000081c00000, 0x000000008a800000, 0x00000000d5f00000)
  object space 143360K, 42% used [0x0000000081c00000,0x0000000085774570,0x000000008a800000)
 Metaspace       used 39419K, capacity 40160K, committed 40320K, reserved 1085440K
  class space    used 4720K, capacity 4956K, committed 4992K, reserved 1048576K
Event: 17.374 GC heap after
Heap after GC invocations=13 (full 2):
 PSYoungGen      total 348160K, used 28208K [0x00000000d5f00000, 0x00000000f2580000, 0x0000000100000000)
  eden space 306176K, 0% used [0x00000000d5f00000,0x00000000d5f00000,0x00000000e8a00000)
  from space 41984K, 67% used [0x00000000e8a00000,0x00000000ea58c150,0x00000000eb300000)
  to   space 43520K, 0% used [0x00000000efb00000,0x00000000efb00000,0x00000000f2580000)
 ParOldGen       total 143360K, used 64936K [0x0000000081c00000, 0x000000008a800000, 0x00000000d5f00000)
  object space 143360K, 45% used [0x0000000081c00000,0x0000000085b6a280,0x000000008a800000)
 Metaspace       used 39419K, capacity 40160K, committed 40320K, reserved 1085440K
  class space    used 4720K, capacity 4956K, committed 4992K, reserved 1048576K
}
Event: 20.611 GC heap before
{Heap before GC invocations=14 (full 2):
 PSYoungGen      total 348160K, used 278418K [0x00000000d5f00000, 0x00000000f2580000, 0x0000000100000000)
  eden space 306176K, 81% used [0x00000000d5f00000,0x00000000e5358898,0x00000000e8a00000)
  from space 41984K, 67% used [0x00000000e8a00000,0x00000000ea58c150,0x00000000eb300000)
  to   space 43520K, 0% used [0x00000000efb00000,0x00000000efb00000,0x00000000f2580000)
 ParOldGen       total 143360K, used 64936K [0x0000000081c00000, 0x000000008a800000, 0x00000000d5f00000)
  object space 143360K, 45% used [0x0000000081c00000,0x0000000085b6a280,0x000000008a800000)
 Metaspace       used 49056K, capacity 49814K, committed 50136K, reserved 1093632K
  class space    used 5818K, capacity 6072K, committed 6144K, reserved 1048576K
Event: 20.659 GC heap after
Heap after GC invocations=14 (full 2):
 PSYoungGen      total 423936K, used 17298K [0x00000000d5f00000, 0x00000000f2f00000, 0x0000000100000000)
  eden space 380416K, 0% used [0x00000000d5f00000,0x00000000d5f00000,0x00000000ed280000)
  from space 43520K, 39% used [0x00000000efb00000,0x00000000f0be4af8,0x00000000f2580000)
  to   space 41472K, 0% used [0x00000000ed280000,0x00000000ed280000,0x00000000efb00000)
 ParOldGen       total 143360K, used 72652K [0x0000000081c00000, 0x000000008a800000, 0x00000000d5f00000)
  object space 143360K, 50% used [0x0000000081c00000,0x00000000862f31d0,0x000000008a800000)
 Metaspace       used 49056K, capacity 49814K, committed 50136K, reserved 1093632K
  class space    used 5818K, capacity 6072K, committed 6144K, reserved 1048576K
}
Event: 20.659 GC heap before
{Heap before GC invocations=15 (full 3):
 PSYoungGen      total 423936K, used 17298K [0x00000000d5f00000, 0x00000000f2f00000, 0x0000000100000000)
  eden space 380416K, 0% used [0x00000000d5f00000,0x00000000d5f00000,0x00000000ed280000)
  from space 43520K, 39% used [0x00000000efb00000,0x00000000f0be4af8,0x00000000f2580000)
  to   space 41472K, 0% used [0x00000000ed280000,0x00000000ed280000,0x00000000efb00000)
 ParOldGen       total 143360K, used 72652K [0x0000000081c00000, 0x000000008a800000, 0x00000000d5f00000)
  object space 143360K, 50% used [0x0000000081c00000,0x00000000862f31d0,0x000000008a800000)
 Metaspace       used 49056K, capacity 49814K, committed 50136K, reserved 1093632K
  class space    used 5818K, capacity 6072K, committed 6144K, reserved 1048576K
Event: 20.920 GC heap after
Heap after GC invocations=15 (full 3):
 PSYoungGen      total 423936K, used 0K [0x00000000d5f00000, 0x00000000f2f00000, 0x0000000100000000)
  eden space 380416K, 0% used [0x00000000d5f00000,0x00000000d5f00000,0x00000000ed280000)
  from space 43520K, 0% used [0x00000000efb00000,0x00000000efb00000,0x00000000f2580000)
  to   space 41472K, 0% used [0x00000000ed280000,0x00000000ed280000,0x00000000efb00000)
 ParOldGen       total 155136K, used 54107K [0x0000000081c00000, 0x000000008b380000, 0x00000000d5f00000)
  object space 155136K, 34% used [0x0000000081c00000,0x00000000850d6f28,0x000000008b380000)
 Metaspace       used 49056K, capacity 49814K, committed 50136K, reserved 1093632K
  class space    used 5818K, capacity 6072K, committed 6144K, reserved 1048576K
}

